<?xml version="1.0" encoding="UTF-8"?>
<!-- Generated by org.testng.reporters.JUnitXMLReporter -->
<testsuite hostname="aladmin-HP-EliteBook-840-G2" ignored="0" name="ChromeTest1-Desktop" tests="1" failures="1" timestamp="2022-01-05T14:59:50 IST" time="94.749" errors="0">
  <testcase name="CRCPrgud" time="66.347" classname="scripts.crc.Crc_Test">
    <failure type="java.lang.AssertionError" message="null">
      <![CDATA[java.lang.AssertionError: null
at generic.BasePageCrc.elementvisibility(BasePageCrc.java:41)
at pom.ImportCreditreport_PrivacyGuard.importPrivacyGuard(ImportCreditreport_PrivacyGuard.java:121)
at scripts.crc.Crc_Test.CRCPrgud(Crc_Test.java:78)
at java.util.ArrayList.forEach(ArrayList.java:1259)
... Removed 33 stack frames]]>
    </failure>
  </testcase> <!-- CRCPrgud -->
</testsuite> <!-- ChromeTest1-Desktop -->
