<?xml version="1.0" encoding="UTF-8"?>
<!-- Generated by org.testng.reporters.JUnitXMLReporter -->
<testsuite hostname="aladmin-HP-EliteBook-840-G2" ignored="0" name="ChromeTest1-Desktop" tests="2" failures="1" timestamp="2021-12-27T10:01:10 IST" time="155.917" errors="0">
  <testcase name="CRCSamplereport" time="64.677" classname="scripts.crc.Crc_Test"/>
  <testcase name="CRCIq" time="54.6" classname="scripts.crc.Crc_Test">
    <failure type="java.lang.AssertionError" message="null">
      <![CDATA[java.lang.AssertionError: null
at generic.BasePageCrc.elementvisibility(BasePageCrc.java:41)
at pom.ImportCreditreport_Identityiq.importidentityiq(ImportCreditreport_Identityiq.java:67)
at scripts.crc.Crc_Test.CRCIq(Crc_Test.java:64)
at java.util.ArrayList.forEach(ArrayList.java:1259)
... Removed 33 stack frames]]>
    </failure>
  </testcase> <!-- CRCIq -->
</testsuite> <!-- ChromeTest1-Desktop -->
