-------------------------------------------------------------------------------
Test set: TestSuite
-------------------------------------------------------------------------------
Tests run: 1, Failures: 1, Errors: 0, Skipped: 0, Time elapsed: 95.563 s <<< FAILURE! - in TestSuite
scripts.crc.Crc_Test.CRCPrgud[uiux@yopmail.com,Test@1234,Manoj,ReddyA,manojreddy,daniel@credit-aid.com,flatop63,(234) 567-5432,3944,daniel@credit-aid.com,flatop63,(234) 567-5432,danielrosen,flatop63,(234) 567-5432,3944,dr@credit-aid.com,flatop63,(234) 567-5432,manojreddy15](1)  Time elapsed: 66.283 s  <<< FAILURE!
java.lang.AssertionError: null
	at scripts.crc.Crc_Test.CRCPrgud(Crc_Test.java:78)

