<?xml version="1.0" encoding="UTF-8"?>
<testng-results skipped="0" failed="0" ignored="0" total="3" passed="3">
  <reporter-output>
    <line>
      <![CDATA[pass: element is visible ]]>
    </line>
    <line>
      <![CDATA[pass: element is visible ]]>
    </line>
    <line>
      <![CDATA[pass: element is visible ]]>
    </line>
    <line>
      <![CDATA[pass: element is visible ]]>
    </line>
    <line>
      <![CDATA[pass: element is visible ]]>
    </line>
    <line>
      <![CDATA[pass: element is visible ]]>
    </line>
    <line>
      <![CDATA[pass: element is visible ]]>
    </line>
    <line>
      <![CDATA[pass: element is visible ]]>
    </line>
    <line>
      <![CDATA[pass: element is visible ]]>
    </line>
    <line>
      <![CDATA[pass: element is visible ]]>
    </line>
    <line>
      <![CDATA[pass: element is visible ]]>
    </line>
    <line>
      <![CDATA[×
check_circle
Client profile added successfully]]>
    </line>
    <line>
      <![CDATA[pass: element is visible ]]>
    </line>
    <line>
      <![CDATA[pass: element is visible ]]>
    </line>
    <line>
      <![CDATA[pass: element is visible ]]>
    </line>
    <line>
      <![CDATA[pass: element is visible ]]>
    </line>
    <line>
      <![CDATA[pass: element is visible ]]>
    </line>
    <line>
      <![CDATA[]]>
    </line>
    <line>
      <![CDATA[pass: element is visible ]]>
    </line>
    <line>
      <![CDATA[pass: element is visible ]]>
    </line>
    <line>
      <![CDATA[pass: element is visible ]]>
    </line>
    <line>
      <![CDATA[pass: element is visible ]]>
    </line>
    <line>
      <![CDATA[pass: element is visible ]]>
    </line>
    <line>
      <![CDATA[pass: element is visible ]]>
    </line>
    <line>
      <![CDATA[pass: element is visible ]]>
    </line>
    <line>
      <![CDATA[pass: element is visible ]]>
    </line>
    <line>
      <![CDATA[pass: element is visible ]]>
    </line>
    <line>
      <![CDATA[pass: element is visible ]]>
    </line>
    <line>
      <![CDATA[pass: element is visible ]]>
    </line>
    <line>
      <![CDATA[×
check_circle
Client profile added successfully]]>
    </line>
    <line>
      <![CDATA[pass: element is visible ]]>
    </line>
    <line>
      <![CDATA[pass: element is visible ]]>
    </line>
    <line>
      <![CDATA[pass: element is visible ]]>
    </line>
    <line>
      <![CDATA[pass: element is visible ]]>
    </line>
    <line>
      <![CDATA[pass: element is visible ]]>
    </line>
    <line>
      <![CDATA[pass: element is visible ]]>
    </line>
    <line>
      <![CDATA[pass: element is visible ]]>
    </line>
    <line>
      <![CDATA[pass: element is visible ]]>
    </line>
    <line>
      <![CDATA[pass: element is visible ]]>
    </line>
    <line>
      <![CDATA[pass: element is visible ]]>
    </line>
    <line>
      <![CDATA[pass: element is visible ]]>
    </line>
    <line>
      <![CDATA[pass: element is visible ]]>
    </line>
    <line>
      <![CDATA[pass: element is visible ]]>
    </line>
    <line>
      <![CDATA[pass: element is visible ]]>
    </line>
    <line>
      <![CDATA[pass: element is visible ]]>
    </line>
    <line>
      <![CDATA[pass: element is visible ]]>
    </line>
    <line>
      <![CDATA[pass: element is visible ]]>
    </line>
    <line>
      <![CDATA[pass: element is visible ]]>
    </line>
    <line>
      <![CDATA[pass: element is visible ]]>
    </line>
    <line>
      <![CDATA[pass: element is visible ]]>
    </line>
    <line>
      <![CDATA[×
check_circle
Client profile added successfully]]>
    </line>
    <line>
      <![CDATA[pass: element is visible ]]>
    </line>
    <line>
      <![CDATA[pass: element is visible ]]>
    </line>
    <line>
      <![CDATA[pass: element is visible ]]>
    </line>
    <line>
      <![CDATA[pass: element is visible ]]>
    </line>
    <line>
      <![CDATA[pass: element is visible ]]>
    </line>
    <line>
      <![CDATA[pass: element is visible ]]>
    </line>
    <line>
      <![CDATA[pass: element is visible ]]>
    </line>
    <line>
      <![CDATA[pass: element is visible ]]>
    </line>
    <line>
      <![CDATA[]]>
    </line>
    <line>
      <![CDATA[pass: element is visible ]]>
    </line>
  </reporter-output>
  <suite name="Suite" duration-ms="174339" started-at="2021-12-29T11:34:53 IST" finished-at="2021-12-29T11:37:47 IST">
    <groups>
    </groups>
    <test name="ChromeTest1-Desktop" duration-ms="174339" started-at="2021-12-29T11:34:53 IST" finished-at="2021-12-29T11:37:47 IST">
      <class name="scripts.crc.Crc_Test">
        <test-method status="PASS" signature="startReport()[pri:0, instance:scripts.crc.Crc_Test@3224f60b]" name="startReport" is-config="true" duration-ms="156" started-at="2021-12-29T11:34:53 IST" finished-at="2021-12-29T11:34:53 IST">
          <reporter-output>
          </reporter-output>
        </test-method> <!-- startReport -->
        <test-method status="PASS" signature="precondition(java.lang.String, java.lang.String, java.lang.String, java.lang.String, java.lang.String)[pri:0, instance:scripts.crc.Crc_Test@3224f60b]" name="precondition" is-config="true" duration-ms="9248" started-at="2021-12-29T11:34:53 IST" finished-at="2021-12-29T11:35:02 IST">
          <params>
            <param index="0">
              <value>
                <![CDATA[chrome]]>
              </value>
            </param>
            <param index="1">
              <value>
                <![CDATA[https://ui-test.creditrepaircloud.com/]]>
              </value>
            </param>
            <param index="2">
              <value>
                <![CDATA[--window-size=1600,900]]>
              </value>
            </param>
            <param index="3">
              <value>
                <![CDATA[headless]]>
              </value>
            </param>
            <param index="4">
              <value>
                <![CDATA[--disable-notifications]]>
              </value>
            </param>
          </params>
          <reporter-output>
          </reporter-output>
        </test-method> <!-- precondition -->
        <test-method status="PASS" signature="CRCSamplereport(java.lang.String)[pri:1, instance:scripts.crc.Crc_Test@3224f60b]" name="CRCSamplereport" duration-ms="59157" started-at="2021-12-29T11:35:02 IST" data-provider="logindataset" finished-at="2021-12-29T11:36:02 IST">
          <params>
            <param index="0">
              <value>
                <![CDATA[uiux@yopmail.com,Test@1234,Manoj,ReddyA,manojreddy,daniel@credit-aid.com,flatop63,(234) 567-5432,3944,daniel@credit-aid.com,flatop63,(234) 567-5432,danielrosen,flatop63,(234) 567-5432,3944,dr@credit-aid.com,flatop63,(234) 567-5432,manojreddy15]]>
              </value>
            </param>
          </params>
          <reporter-output>
            <line>
              <![CDATA[pass: element is visible ]]>
            </line>
            <line>
              <![CDATA[pass: element is visible ]]>
            </line>
            <line>
              <![CDATA[pass: element is visible ]]>
            </line>
            <line>
              <![CDATA[pass: element is visible ]]>
            </line>
            <line>
              <![CDATA[pass: element is visible ]]>
            </line>
            <line>
              <![CDATA[pass: element is visible ]]>
            </line>
            <line>
              <![CDATA[pass: element is visible ]]>
            </line>
            <line>
              <![CDATA[pass: element is visible ]]>
            </line>
            <line>
              <![CDATA[pass: element is visible ]]>
            </line>
            <line>
              <![CDATA[pass: element is visible ]]>
            </line>
            <line>
              <![CDATA[pass: element is visible ]]>
            </line>
            <line>
              <![CDATA[×
check_circle
Client profile added successfully]]>
            </line>
            <line>
              <![CDATA[pass: element is visible ]]>
            </line>
            <line>
              <![CDATA[pass: element is visible ]]>
            </line>
            <line>
              <![CDATA[pass: element is visible ]]>
            </line>
            <line>
              <![CDATA[pass: element is visible ]]>
            </line>
            <line>
              <![CDATA[pass: element is visible ]]>
            </line>
            <line>
              <![CDATA[]]>
            </line>
          </reporter-output>
        </test-method> <!-- CRCSamplereport -->
        <test-method status="PASS" signature="getResult(org.testng.ITestResult)[pri:0, instance:scripts.crc.Crc_Test@3224f60b]" name="getResult" is-config="true" duration-ms="2" started-at="2021-12-29T11:36:02 IST" finished-at="2021-12-29T11:36:02 IST">
          <params>
            <param index="0">
              <value>
                <![CDATA[[TestResult name=CRCSamplereport status=SUCCESS method=Crc_Test.CRCSamplereport(java.lang.String)[pri:1, instance:scripts.crc.Crc_Test@3224f60b] output=pass: element is visible ]]]>
              </value>
            </param>
          </params>
          <reporter-output>
          </reporter-output>
        </test-method> <!-- getResult -->
        <test-method status="PASS" signature="precondition(java.lang.String, java.lang.String, java.lang.String, java.lang.String, java.lang.String)[pri:0, instance:scripts.crc.Crc_Test@3224f60b]" name="precondition" is-config="true" duration-ms="10559" started-at="2021-12-29T11:36:02 IST" finished-at="2021-12-29T11:36:12 IST">
          <params>
            <param index="0">
              <value>
                <![CDATA[chrome]]>
              </value>
            </param>
            <param index="1">
              <value>
                <![CDATA[https://ui-test.creditrepaircloud.com/]]>
              </value>
            </param>
            <param index="2">
              <value>
                <![CDATA[--window-size=1600,900]]>
              </value>
            </param>
            <param index="3">
              <value>
                <![CDATA[headless]]>
              </value>
            </param>
            <param index="4">
              <value>
                <![CDATA[--disable-notifications]]>
              </value>
            </param>
          </params>
          <reporter-output>
          </reporter-output>
        </test-method> <!-- precondition -->
        <test-method status="PASS" signature="CRCMyfrescnow(java.lang.String)[pri:4, instance:scripts.crc.Crc_Test@3224f60b]" name="CRCMyfrescnow" duration-ms="37846" started-at="2021-12-29T11:36:12 IST" data-provider="logindataset" finished-at="2021-12-29T11:36:50 IST">
          <params>
            <param index="0">
              <value>
                <![CDATA[uiux@yopmail.com,Test@1234,Manoj,ReddyA,manojreddy,daniel@credit-aid.com,flatop63,(234) 567-5432,3944,daniel@credit-aid.com,flatop63,(234) 567-5432,danielrosen,flatop63,(234) 567-5432,3944,dr@credit-aid.com,flatop63,(234) 567-5432,manojreddy15]]>
              </value>
            </param>
          </params>
          <reporter-output>
            <line>
              <![CDATA[pass: element is visible ]]>
            </line>
            <line>
              <![CDATA[pass: element is visible ]]>
            </line>
            <line>
              <![CDATA[pass: element is visible ]]>
            </line>
            <line>
              <![CDATA[pass: element is visible ]]>
            </line>
            <line>
              <![CDATA[pass: element is visible ]]>
            </line>
            <line>
              <![CDATA[pass: element is visible ]]>
            </line>
            <line>
              <![CDATA[pass: element is visible ]]>
            </line>
            <line>
              <![CDATA[pass: element is visible ]]>
            </line>
            <line>
              <![CDATA[pass: element is visible ]]>
            </line>
            <line>
              <![CDATA[pass: element is visible ]]>
            </line>
            <line>
              <![CDATA[pass: element is visible ]]>
            </line>
            <line>
              <![CDATA[×
check_circle
Client profile added successfully]]>
            </line>
            <line>
              <![CDATA[pass: element is visible ]]>
            </line>
            <line>
              <![CDATA[pass: element is visible ]]>
            </line>
            <line>
              <![CDATA[pass: element is visible ]]>
            </line>
            <line>
              <![CDATA[pass: element is visible ]]>
            </line>
            <line>
              <![CDATA[pass: element is visible ]]>
            </line>
            <line>
              <![CDATA[pass: element is visible ]]>
            </line>
            <line>
              <![CDATA[pass: element is visible ]]>
            </line>
            <line>
              <![CDATA[pass: element is visible ]]>
            </line>
            <line>
              <![CDATA[pass: element is visible ]]>
            </line>
          </reporter-output>
        </test-method> <!-- CRCMyfrescnow -->
        <test-method status="PASS" signature="getResult(org.testng.ITestResult)[pri:0, instance:scripts.crc.Crc_Test@3224f60b]" name="getResult" is-config="true" duration-ms="1" started-at="2021-12-29T11:36:50 IST" finished-at="2021-12-29T11:36:50 IST">
          <params>
            <param index="0">
              <value>
                <![CDATA[[TestResult name=CRCMyfrescnow status=SUCCESS method=Crc_Test.CRCMyfrescnow(java.lang.String)[pri:4, instance:scripts.crc.Crc_Test@3224f60b] output=pass: element is visible ]]]>
              </value>
            </param>
          </params>
          <reporter-output>
          </reporter-output>
        </test-method> <!-- getResult -->
        <test-method status="PASS" signature="precondition(java.lang.String, java.lang.String, java.lang.String, java.lang.String, java.lang.String)[pri:0, instance:scripts.crc.Crc_Test@3224f60b]" name="precondition" is-config="true" duration-ms="8006" started-at="2021-12-29T11:36:50 IST" finished-at="2021-12-29T11:36:58 IST">
          <params>
            <param index="0">
              <value>
                <![CDATA[chrome]]>
              </value>
            </param>
            <param index="1">
              <value>
                <![CDATA[https://ui-test.creditrepaircloud.com/]]>
              </value>
            </param>
            <param index="2">
              <value>
                <![CDATA[--window-size=1600,900]]>
              </value>
            </param>
            <param index="3">
              <value>
                <![CDATA[headless]]>
              </value>
            </param>
            <param index="4">
              <value>
                <![CDATA[--disable-notifications]]>
              </value>
            </param>
          </params>
          <reporter-output>
          </reporter-output>
        </test-method> <!-- precondition -->
        <test-method status="PASS" signature="CRCsmartcredit(java.lang.String)[pri:5, instance:scripts.crc.Crc_Test@3224f60b]" name="CRCsmartcredit" duration-ms="48477" started-at="2021-12-29T11:36:58 IST" data-provider="logindataset" finished-at="2021-12-29T11:37:46 IST">
          <params>
            <param index="0">
              <value>
                <![CDATA[uiux@yopmail.com,Test@1234,Manoj,ReddyA,manojreddy,daniel@credit-aid.com,flatop63,(234) 567-5432,3944,daniel@credit-aid.com,flatop63,(234) 567-5432,danielrosen,flatop63,(234) 567-5432,3944,dr@credit-aid.com,flatop63,(234) 567-5432,manojreddy15]]>
              </value>
            </param>
          </params>
          <reporter-output>
            <line>
              <![CDATA[pass: element is visible ]]>
            </line>
            <line>
              <![CDATA[pass: element is visible ]]>
            </line>
            <line>
              <![CDATA[pass: element is visible ]]>
            </line>
            <line>
              <![CDATA[pass: element is visible ]]>
            </line>
            <line>
              <![CDATA[pass: element is visible ]]>
            </line>
            <line>
              <![CDATA[pass: element is visible ]]>
            </line>
            <line>
              <![CDATA[pass: element is visible ]]>
            </line>
            <line>
              <![CDATA[pass: element is visible ]]>
            </line>
            <line>
              <![CDATA[pass: element is visible ]]>
            </line>
            <line>
              <![CDATA[pass: element is visible ]]>
            </line>
            <line>
              <![CDATA[pass: element is visible ]]>
            </line>
            <line>
              <![CDATA[×
check_circle
Client profile added successfully]]>
            </line>
            <line>
              <![CDATA[pass: element is visible ]]>
            </line>
            <line>
              <![CDATA[pass: element is visible ]]>
            </line>
            <line>
              <![CDATA[pass: element is visible ]]>
            </line>
            <line>
              <![CDATA[pass: element is visible ]]>
            </line>
            <line>
              <![CDATA[pass: element is visible ]]>
            </line>
            <line>
              <![CDATA[pass: element is visible ]]>
            </line>
            <line>
              <![CDATA[pass: element is visible ]]>
            </line>
            <line>
              <![CDATA[pass: element is visible ]]>
            </line>
            <line>
              <![CDATA[]]>
            </line>
            <line>
              <![CDATA[pass: element is visible ]]>
            </line>
          </reporter-output>
        </test-method> <!-- CRCsmartcredit -->
        <test-method status="PASS" signature="getResult(org.testng.ITestResult)[pri:0, instance:scripts.crc.Crc_Test@3224f60b]" name="getResult" is-config="true" duration-ms="1" started-at="2021-12-29T11:37:46 IST" finished-at="2021-12-29T11:37:46 IST">
          <params>
            <param index="0">
              <value>
                <![CDATA[[TestResult name=CRCsmartcredit status=SUCCESS method=Crc_Test.CRCsmartcredit(java.lang.String)[pri:5, instance:scripts.crc.Crc_Test@3224f60b] output=pass: element is visible ]]]>
              </value>
            </param>
          </params>
          <reporter-output>
          </reporter-output>
        </test-method> <!-- getResult -->
        <test-method status="PASS" signature="endReport()[pri:0, instance:scripts.crc.Crc_Test@3224f60b]" name="endReport" is-config="true" duration-ms="821" started-at="2021-12-29T11:37:46 IST" finished-at="2021-12-29T11:37:47 IST">
          <reporter-output>
          </reporter-output>
        </test-method> <!-- endReport -->
      </class> <!-- scripts.crc.Crc_Test -->
    </test> <!-- ChromeTest1-Desktop -->
  </suite> <!-- Suite -->
</testng-results>
