<?xml version="1.0" encoding="UTF-8"?>
<testng-results skipped="0" failed="0" ignored="0" total="2" passed="2">
  <reporter-output>
    <line>
      <![CDATA[pass: element is visible ]]>
    </line>
    <line>
      <![CDATA[pass: element is visible ]]>
    </line>
    <line>
      <![CDATA[pass: element is visible ]]>
    </line>
    <line>
      <![CDATA[pass: element is visible ]]>
    </line>
    <line>
      <![CDATA[pass: element is visible ]]>
    </line>
    <line>
      <![CDATA[pass: element is visible ]]>
    </line>
    <line>
      <![CDATA[pass: element is visible ]]>
    </line>
    <line>
      <![CDATA[pass: element is visible ]]>
    </line>
    <line>
      <![CDATA[pass: element is visible ]]>
    </line>
    <line>
      <![CDATA[pass: element is visible ]]>
    </line>
    <line>
      <![CDATA[pass: element is visible ]]>
    </line>
    <line>
      <![CDATA[×
check_circle
Client profile added successfully]]>
    </line>
    <line>
      <![CDATA[pass: element is visible ]]>
    </line>
    <line>
      <![CDATA[pass: element is visible ]]>
    </line>
    <line>
      <![CDATA[pass: element is visible ]]>
    </line>
    <line>
      <![CDATA[pass: element is visible ]]>
    </line>
    <line>
      <![CDATA[pass: element is visible ]]>
    </line>
    <line>
      <![CDATA[]]>
    </line>
    <line>
      <![CDATA[pass: element is visible ]]>
    </line>
    <line>
      <![CDATA[pass: element is visible ]]>
    </line>
    <line>
      <![CDATA[pass: element is visible ]]>
    </line>
    <line>
      <![CDATA[pass: element is visible ]]>
    </line>
    <line>
      <![CDATA[pass: element is visible ]]>
    </line>
    <line>
      <![CDATA[pass: element is visible ]]>
    </line>
    <line>
      <![CDATA[pass: element is visible ]]>
    </line>
    <line>
      <![CDATA[pass: element is visible ]]>
    </line>
    <line>
      <![CDATA[pass: element is visible ]]>
    </line>
    <line>
      <![CDATA[pass: element is visible ]]>
    </line>
    <line>
      <![CDATA[pass: element is visible ]]>
    </line>
    <line>
      <![CDATA[×
check_circle
Client profile added successfully]]>
    </line>
    <line>
      <![CDATA[pass: element is visible ]]>
    </line>
    <line>
      <![CDATA[pass: element is visible ]]>
    </line>
    <line>
      <![CDATA[pass: element is visible ]]>
    </line>
    <line>
      <![CDATA[pass: element is visible ]]>
    </line>
    <line>
      <![CDATA[pass: element is visible ]]>
    </line>
    <line>
      <![CDATA[pass: element is visible ]]>
    </line>
    <line>
      <![CDATA[pass: element is visible ]]>
    </line>
    <line>
      <![CDATA[pass: element is visible ]]>
    </line>
    <line>
      <![CDATA[pass: element is visible ]]>
    </line>
  </reporter-output>
  <suite name="Suite" duration-ms="120848" started-at="2021-12-24T17:32:27 IST" finished-at="2021-12-24T17:34:28 IST">
    <groups>
    </groups>
    <test name="ChromeTest1-Desktop" duration-ms="120848" started-at="2021-12-24T17:32:27 IST" finished-at="2021-12-24T17:34:28 IST">
      <class name="scripts.crc.Crc_Test">
        <test-method status="PASS" signature="precondition(java.lang.String, java.lang.String, java.lang.String, java.lang.String, java.lang.String)[pri:0, instance:scripts.crc.Crc_Test@79be0360]" name="precondition" is-config="true" duration-ms="9386" started-at="2021-12-24T17:32:27 IST" finished-at="2021-12-24T17:32:37 IST">
          <params>
            <param index="0">
              <value>
                <![CDATA[chrome]]>
              </value>
            </param>
            <param index="1">
              <value>
                <![CDATA[https://ui-test.creditrepaircloud.com/]]>
              </value>
            </param>
            <param index="2">
              <value>
                <![CDATA[--window-size=1600,900]]>
              </value>
            </param>
            <param index="3">
              <value>
                <![CDATA[headless]]>
              </value>
            </param>
            <param index="4">
              <value>
                <![CDATA[--disable-notifications]]>
              </value>
            </param>
          </params>
          <reporter-output>
          </reporter-output>
        </test-method> <!-- precondition -->
        <test-method status="PASS" signature="CRCSamplereport(java.lang.String)[pri:1, instance:scripts.crc.Crc_Test@79be0360]" name="CRCSamplereport" duration-ms="59373" started-at="2021-12-24T17:32:37 IST" data-provider="logindataset" finished-at="2021-12-24T17:33:36 IST">
          <params>
            <param index="0">
              <value>
                <![CDATA[uiux@yopmail.com,Test@1234,Manoj,ReddyA,manojreddy,daniel@credit-aid.com,flatop63,(234) 567-5432,3944,daniel@credit-aid.com,flatop63,(234) 567-5432,danielrosen,flatop63,(234) 567-5432,3944,dr@credit-aid.com,flatop63,(234) 567-5432,manojreddy15]]>
              </value>
            </param>
          </params>
          <reporter-output>
            <line>
              <![CDATA[pass: element is visible ]]>
            </line>
            <line>
              <![CDATA[pass: element is visible ]]>
            </line>
            <line>
              <![CDATA[pass: element is visible ]]>
            </line>
            <line>
              <![CDATA[pass: element is visible ]]>
            </line>
            <line>
              <![CDATA[pass: element is visible ]]>
            </line>
            <line>
              <![CDATA[pass: element is visible ]]>
            </line>
            <line>
              <![CDATA[pass: element is visible ]]>
            </line>
            <line>
              <![CDATA[pass: element is visible ]]>
            </line>
            <line>
              <![CDATA[pass: element is visible ]]>
            </line>
            <line>
              <![CDATA[pass: element is visible ]]>
            </line>
            <line>
              <![CDATA[pass: element is visible ]]>
            </line>
            <line>
              <![CDATA[×
check_circle
Client profile added successfully]]>
            </line>
            <line>
              <![CDATA[pass: element is visible ]]>
            </line>
            <line>
              <![CDATA[pass: element is visible ]]>
            </line>
            <line>
              <![CDATA[pass: element is visible ]]>
            </line>
            <line>
              <![CDATA[pass: element is visible ]]>
            </line>
            <line>
              <![CDATA[pass: element is visible ]]>
            </line>
            <line>
              <![CDATA[]]>
            </line>
          </reporter-output>
        </test-method> <!-- CRCSamplereport -->
        <test-method status="PASS" signature="getResult(org.testng.ITestResult)[pri:0, instance:scripts.crc.Crc_Test@79be0360]" name="getResult" is-config="true" duration-ms="6" started-at="2021-12-24T17:33:36 IST" finished-at="2021-12-24T17:33:36 IST">
          <params>
            <param index="0">
              <value>
                <![CDATA[[TestResult name=CRCSamplereport status=SUCCESS method=Crc_Test.CRCSamplereport(java.lang.String)[pri:1, instance:scripts.crc.Crc_Test@79be0360] output=pass: element is visible ]]]>
              </value>
            </param>
          </params>
          <reporter-output>
          </reporter-output>
        </test-method> <!-- getResult -->
        <test-method status="PASS" signature="precondition(java.lang.String, java.lang.String, java.lang.String, java.lang.String, java.lang.String)[pri:0, instance:scripts.crc.Crc_Test@79be0360]" name="precondition" is-config="true" duration-ms="11695" started-at="2021-12-24T17:33:36 IST" finished-at="2021-12-24T17:33:48 IST">
          <params>
            <param index="0">
              <value>
                <![CDATA[chrome]]>
              </value>
            </param>
            <param index="1">
              <value>
                <![CDATA[https://ui-test.creditrepaircloud.com/]]>
              </value>
            </param>
            <param index="2">
              <value>
                <![CDATA[--window-size=1600,900]]>
              </value>
            </param>
            <param index="3">
              <value>
                <![CDATA[headless]]>
              </value>
            </param>
            <param index="4">
              <value>
                <![CDATA[--disable-notifications]]>
              </value>
            </param>
          </params>
          <reporter-output>
          </reporter-output>
        </test-method> <!-- precondition -->
        <test-method status="PASS" signature="CRCMyfrescnow(java.lang.String)[pri:4, instance:scripts.crc.Crc_Test@79be0360]" name="CRCMyfrescnow" duration-ms="39636" started-at="2021-12-24T17:33:48 IST" data-provider="logindataset" finished-at="2021-12-24T17:34:27 IST">
          <params>
            <param index="0">
              <value>
                <![CDATA[uiux@yopmail.com,Test@1234,Manoj,ReddyA,manojreddy,daniel@credit-aid.com,flatop63,(234) 567-5432,3944,daniel@credit-aid.com,flatop63,(234) 567-5432,danielrosen,flatop63,(234) 567-5432,3944,dr@credit-aid.com,flatop63,(234) 567-5432,manojreddy15]]>
              </value>
            </param>
          </params>
          <reporter-output>
            <line>
              <![CDATA[pass: element is visible ]]>
            </line>
            <line>
              <![CDATA[pass: element is visible ]]>
            </line>
            <line>
              <![CDATA[pass: element is visible ]]>
            </line>
            <line>
              <![CDATA[pass: element is visible ]]>
            </line>
            <line>
              <![CDATA[pass: element is visible ]]>
            </line>
            <line>
              <![CDATA[pass: element is visible ]]>
            </line>
            <line>
              <![CDATA[pass: element is visible ]]>
            </line>
            <line>
              <![CDATA[pass: element is visible ]]>
            </line>
            <line>
              <![CDATA[pass: element is visible ]]>
            </line>
            <line>
              <![CDATA[pass: element is visible ]]>
            </line>
            <line>
              <![CDATA[pass: element is visible ]]>
            </line>
            <line>
              <![CDATA[×
check_circle
Client profile added successfully]]>
            </line>
            <line>
              <![CDATA[pass: element is visible ]]>
            </line>
            <line>
              <![CDATA[pass: element is visible ]]>
            </line>
            <line>
              <![CDATA[pass: element is visible ]]>
            </line>
            <line>
              <![CDATA[pass: element is visible ]]>
            </line>
            <line>
              <![CDATA[pass: element is visible ]]>
            </line>
            <line>
              <![CDATA[pass: element is visible ]]>
            </line>
            <line>
              <![CDATA[pass: element is visible ]]>
            </line>
            <line>
              <![CDATA[pass: element is visible ]]>
            </line>
            <line>
              <![CDATA[pass: element is visible ]]>
            </line>
          </reporter-output>
        </test-method> <!-- CRCMyfrescnow -->
        <test-method status="PASS" signature="getResult(org.testng.ITestResult)[pri:0, instance:scripts.crc.Crc_Test@79be0360]" name="getResult" is-config="true" duration-ms="0" started-at="2021-12-24T17:34:27 IST" finished-at="2021-12-24T17:34:27 IST">
          <params>
            <param index="0">
              <value>
                <![CDATA[[TestResult name=CRCMyfrescnow status=SUCCESS method=Crc_Test.CRCMyfrescnow(java.lang.String)[pri:4, instance:scripts.crc.Crc_Test@79be0360] output=pass: element is visible ]]]>
              </value>
            </param>
          </params>
          <reporter-output>
          </reporter-output>
        </test-method> <!-- getResult -->
        <test-method status="PASS" signature="endReport()[pri:0, instance:scripts.crc.Crc_Test@79be0360]" name="endReport" is-config="true" duration-ms="687" started-at="2021-12-24T17:34:27 IST" finished-at="2021-12-24T17:34:28 IST">
          <reporter-output>
          </reporter-output>
        </test-method> <!-- endReport -->
      </class> <!-- scripts.crc.Crc_Test -->
    </test> <!-- ChromeTest1-Desktop -->
  </suite> <!-- Suite -->
</testng-results>
