<?xml version="1.0" encoding="UTF-8"?>
<testng-results skipped="0" failed="0" ignored="0" total="0" passed="0">
  <reporter-output>
  </reporter-output>
  <suite name="Suite" duration-ms="140" started-at="2021-12-21T14:41:26 IST" finished-at="2021-12-21T14:41:26 IST">
    <groups>
    </groups>
    <test name="ChromeTest1-Desktop" duration-ms="140" started-at="2021-12-21T14:41:26 IST" finished-at="2021-12-21T14:41:26 IST">
      <class name="ExtentReportListener.Extentreporter">
        <test-method status="PASS" signature="setExtent()[pri:0, instance:ExtentReportListener.Extentreporter@4b4523f8]" name="setExtent" is-config="true" duration-ms="125" started-at="2021-12-21T14:41:26 IST" finished-at="2021-12-21T14:41:26 IST">
          <reporter-output>
          </reporter-output>
        </test-method> <!-- setExtent -->
        <test-method status="PASS" signature="endReport()[pri:0, instance:ExtentReportListener.Extentreporter@4b4523f8]" name="endReport" is-config="true" duration-ms="3" started-at="2021-12-21T14:41:26 IST" finished-at="2021-12-21T14:41:26 IST">
          <reporter-output>
          </reporter-output>
        </test-method> <!-- endReport -->
      </class> <!-- ExtentReportListener.Extentreporter -->
    </test> <!-- ChromeTest1-Desktop -->
  </suite> <!-- Suite -->
</testng-results>
