<?xml version="1.0" encoding="UTF-8"?>
<testng-results skipped="0" failed="0" ignored="0" total="1" passed="1">
  <reporter-output>
    <line>
      <![CDATA[pass: element is visible ]]>
    </line>
    <line>
      <![CDATA[pass: element is visible ]]>
    </line>
    <line>
      <![CDATA[pass: element is visible ]]>
    </line>
    <line>
      <![CDATA[pass: element is visible ]]>
    </line>
    <line>
      <![CDATA[pass: element is visible ]]>
    </line>
    <line>
      <![CDATA[pass: element is visible ]]>
    </line>
    <line>
      <![CDATA[pass: element is visible ]]>
    </line>
    <line>
      <![CDATA[pass: element is visible ]]>
    </line>
    <line>
      <![CDATA[pass: element is visible ]]>
    </line>
    <line>
      <![CDATA[pass: element is visible ]]>
    </line>
    <line>
      <![CDATA[pass: element is visible ]]>
    </line>
    <line>
      <![CDATA[×
check_circle
Client profile added successfully]]>
    </line>
  </reporter-output>
  <suite name="Suite" duration-ms="32528" started-at="2021-12-07T15:52:49 IST" finished-at="2021-12-07T15:53:22 IST">
    <groups>
    </groups>
    <test name="ChromeTest1-Desktop" duration-ms="32528" started-at="2021-12-07T15:52:49 IST" finished-at="2021-12-07T15:53:22 IST">
      <class name="scripts.crc.Crc_Test">
        <test-method status="PASS" signature="precondition(java.lang.String, java.lang.String, java.lang.String, java.lang.String, java.lang.String)[pri:0, instance:scripts.crc.Crc_Test@627551fb]" name="precondition" is-config="true" duration-ms="12570" started-at="2021-12-07T15:52:49 IST" finished-at="2021-12-07T15:53:02 IST">
          <params>
            <param index="0">
              <value>
                <![CDATA[chrome]]>
              </value>
            </param>
            <param index="1">
              <value>
                <![CDATA[https://ui-test.creditrepaircloud.com/]]>
              </value>
            </param>
            <param index="2">
              <value>
                <![CDATA[--window-size=1600,900]]>
              </value>
            </param>
            <param index="3">
              <value>
                <![CDATA[headless]]>
              </value>
            </param>
            <param index="4">
              <value>
                <![CDATA[--disable-notifications]]>
              </value>
            </param>
          </params>
          <reporter-output>
          </reporter-output>
        </test-method> <!-- precondition -->
        <test-method status="PASS" signature="CRC(java.lang.String)[pri:0, instance:scripts.crc.Crc_Test@627551fb]" name="CRC" duration-ms="19887" started-at="2021-12-07T15:53:02 IST" data-provider="logindataset" finished-at="2021-12-07T15:53:22 IST">
          <params>
            <param index="0">
              <value>
                <![CDATA[uiux@yopmail.com,Test@1234,Manoj,Reddy Akkem,manojkumarreddy@yopmail.com,daniel@credit-aid.com,flatop63,3944,manojkumarreddy@yopmail.com]]>
              </value>
            </param>
          </params>
          <reporter-output>
            <line>
              <![CDATA[pass: element is visible ]]>
            </line>
            <line>
              <![CDATA[pass: element is visible ]]>
            </line>
            <line>
              <![CDATA[pass: element is visible ]]>
            </line>
            <line>
              <![CDATA[pass: element is visible ]]>
            </line>
            <line>
              <![CDATA[pass: element is visible ]]>
            </line>
            <line>
              <![CDATA[pass: element is visible ]]>
            </line>
            <line>
              <![CDATA[pass: element is visible ]]>
            </line>
            <line>
              <![CDATA[pass: element is visible ]]>
            </line>
            <line>
              <![CDATA[pass: element is visible ]]>
            </line>
            <line>
              <![CDATA[pass: element is visible ]]>
            </line>
            <line>
              <![CDATA[pass: element is visible ]]>
            </line>
            <line>
              <![CDATA[×
check_circle
Client profile added successfully]]>
            </line>
          </reporter-output>
        </test-method> <!-- CRC -->
        <test-method status="PASS" signature="postcondition(org.testng.ITestResult)[pri:0, instance:scripts.crc.Crc_Test@627551fb]" name="postcondition" is-config="true" duration-ms="2" started-at="2021-12-07T15:53:22 IST" finished-at="2021-12-07T15:53:22 IST">
          <params>
            <param index="0">
              <value>
                <![CDATA[[TestResult name=CRC status=SUCCESS method=Crc_Test.CRC(java.lang.String)[pri:0, instance:scripts.crc.Crc_Test@627551fb] output=pass: element is visible ]]]>
              </value>
            </param>
          </params>
          <reporter-output>
          </reporter-output>
        </test-method> <!-- postcondition -->
      </class> <!-- scripts.crc.Crc_Test -->
    </test> <!-- ChromeTest1-Desktop -->
  </suite> <!-- Suite -->
</testng-results>
