<?xml version="1.0" encoding="UTF-8"?>
<testng-results skipped="0" failed="1" ignored="0" total="2" passed="1">
  <reporter-output>
    <line>
      <![CDATA[pass: element is visible ]]>
    </line>
    <line>
      <![CDATA[pass: element is visible ]]>
    </line>
    <line>
      <![CDATA[pass: element is visible ]]>
    </line>
    <line>
      <![CDATA[pass: element is visible ]]>
    </line>
    <line>
      <![CDATA[pass: element is visible ]]>
    </line>
    <line>
      <![CDATA[pass: element is visible ]]>
    </line>
    <line>
      <![CDATA[pass: element is visible ]]>
    </line>
    <line>
      <![CDATA[pass: element is visible ]]>
    </line>
    <line>
      <![CDATA[pass: element is visible ]]>
    </line>
    <line>
      <![CDATA[pass: element is visible ]]>
    </line>
    <line>
      <![CDATA[pass: element is visible ]]>
    </line>
    <line>
      <![CDATA[×
check_circle
Client profile added successfully]]>
    </line>
    <line>
      <![CDATA[pass: element is visible ]]>
    </line>
    <line>
      <![CDATA[pass: element is visible ]]>
    </line>
    <line>
      <![CDATA[pass: element is visible ]]>
    </line>
    <line>
      <![CDATA[pass: element is visible ]]>
    </line>
    <line>
      <![CDATA[pass: element is visible ]]>
    </line>
    <line>
      <![CDATA[]]>
    </line>
    <line>
      <![CDATA[pass: element is visible ]]>
    </line>
    <line>
      <![CDATA[pass: element is visible ]]>
    </line>
    <line>
      <![CDATA[pass: element is visible ]]>
    </line>
    <line>
      <![CDATA[pass: element is visible ]]>
    </line>
    <line>
      <![CDATA[pass: element is visible ]]>
    </line>
    <line>
      <![CDATA[pass: element is visible ]]>
    </line>
    <line>
      <![CDATA[pass: element is visible ]]>
    </line>
    <line>
      <![CDATA[pass: element is visible ]]>
    </line>
    <line>
      <![CDATA[pass: element is visible ]]>
    </line>
    <line>
      <![CDATA[pass: element is visible ]]>
    </line>
    <line>
      <![CDATA[pass: element is visible ]]>
    </line>
    <line>
      <![CDATA[×
check_circle
Client profile added successfully]]>
    </line>
    <line>
      <![CDATA[pass: element is visible ]]>
    </line>
    <line>
      <![CDATA[pass: element is visible ]]>
    </line>
    <line>
      <![CDATA[pass: element is visible ]]>
    </line>
    <line>
      <![CDATA[pass: element is visible ]]>
    </line>
    <line>
      <![CDATA[pass: element is visible ]]>
    </line>
    <line>
      <![CDATA[pass: element is visible ]]>
    </line>
    <line>
      <![CDATA[pass: element is visible ]]>
    </line>
    <line>
      <![CDATA[pass: element is visible ]]>
    </line>
    <line>
      <![CDATA[pass: element is visible ]]>
    </line>
    <line>
      <![CDATA[]]>
    </line>
    <line>
      <![CDATA[fail: element is not visible]]>
    </line>
  </reporter-output>
  <suite name="Suite" duration-ms="178301" started-at="2021-12-27T16:28:48 IST" finished-at="2021-12-27T16:31:46 IST">
    <groups>
    </groups>
    <test name="ChromeTest1-Desktop" duration-ms="178301" started-at="2021-12-27T16:28:48 IST" finished-at="2021-12-27T16:31:46 IST">
      <class name="scripts.crc.Crc_Test">
        <test-method status="PASS" signature="startReport()[pri:0, instance:scripts.crc.Crc_Test@7403c468]" name="startReport" is-config="true" duration-ms="146" started-at="2021-12-27T16:28:48 IST" finished-at="2021-12-27T16:28:48 IST">
          <reporter-output>
          </reporter-output>
        </test-method> <!-- startReport -->
        <test-method status="PASS" signature="precondition(java.lang.String,java.lang.String,java.lang.String,java.lang.String,java.lang.String)[pri:0, instance:scripts.crc.Crc_Test@7403c468]" name="precondition" is-config="true" duration-ms="25588" started-at="2021-12-27T16:28:48 IST" finished-at="2021-12-27T16:29:14 IST">
          <params>
            <param index="0">
              <value>
                <![CDATA[chrome]]>
              </value>
            </param>
            <param index="1">
              <value>
                <![CDATA[https://ui-test.creditrepaircloud.com/]]>
              </value>
            </param>
            <param index="2">
              <value>
                <![CDATA[--window-size=1600,900]]>
              </value>
            </param>
            <param index="3">
              <value>
                <![CDATA[headless]]>
              </value>
            </param>
            <param index="4">
              <value>
                <![CDATA[--disable-notifications]]>
              </value>
            </param>
          </params>
          <reporter-output>
          </reporter-output>
        </test-method> <!-- precondition -->
        <test-method status="PASS" signature="CRCSamplereport(java.lang.String)[pri:1, instance:scripts.crc.Crc_Test@7403c468]" name="CRCSamplereport" duration-ms="60179" started-at="2021-12-27T16:29:14 IST" data-provider="logindataset" finished-at="2021-12-27T16:30:14 IST">
          <params>
            <param index="0">
              <value>
                <![CDATA[uiux@yopmail.com,Test@1234,Manoj,ReddyA,manojreddy,daniel@credit-aid.com,flatop63,(234) 567-5432,3944,daniel@credit-aid.com,flatop63,(234) 567-5432,danielrosen,flatop63,(234) 567-5432,3944,dr@credit-aid.com,flatop63,(234) 567-5432,manojreddy15]]>
              </value>
            </param>
          </params>
          <reporter-output>
            <line>
              <![CDATA[pass: element is visible ]]>
            </line>
            <line>
              <![CDATA[pass: element is visible ]]>
            </line>
            <line>
              <![CDATA[pass: element is visible ]]>
            </line>
            <line>
              <![CDATA[pass: element is visible ]]>
            </line>
            <line>
              <![CDATA[pass: element is visible ]]>
            </line>
            <line>
              <![CDATA[pass: element is visible ]]>
            </line>
            <line>
              <![CDATA[pass: element is visible ]]>
            </line>
            <line>
              <![CDATA[pass: element is visible ]]>
            </line>
            <line>
              <![CDATA[pass: element is visible ]]>
            </line>
            <line>
              <![CDATA[pass: element is visible ]]>
            </line>
            <line>
              <![CDATA[pass: element is visible ]]>
            </line>
            <line>
              <![CDATA[×
check_circle
Client profile added successfully]]>
            </line>
            <line>
              <![CDATA[pass: element is visible ]]>
            </line>
            <line>
              <![CDATA[pass: element is visible ]]>
            </line>
            <line>
              <![CDATA[pass: element is visible ]]>
            </line>
            <line>
              <![CDATA[pass: element is visible ]]>
            </line>
            <line>
              <![CDATA[pass: element is visible ]]>
            </line>
            <line>
              <![CDATA[]]>
            </line>
          </reporter-output>
        </test-method> <!-- CRCSamplereport -->
        <test-method status="PASS" signature="getResult(org.testng.ITestResult)[pri:0, instance:scripts.crc.Crc_Test@7403c468]" name="getResult" is-config="true" duration-ms="5" started-at="2021-12-27T16:30:14 IST" finished-at="2021-12-27T16:30:14 IST">
          <params>
            <param index="0">
              <value>
                <![CDATA[[TestResult name=CRCSamplereport status=SUCCESS method=Crc_Test.CRCSamplereport(java.lang.String)[pri:1, instance:scripts.crc.Crc_Test@7403c468] output=pass: element is visible ]]]>
              </value>
            </param>
          </params>
          <reporter-output>
          </reporter-output>
        </test-method> <!-- getResult -->
        <test-method status="PASS" signature="precondition(java.lang.String,java.lang.String,java.lang.String,java.lang.String,java.lang.String)[pri:0, instance:scripts.crc.Crc_Test@7403c468]" name="precondition" is-config="true" duration-ms="25341" started-at="2021-12-27T16:30:14 IST" finished-at="2021-12-27T16:30:39 IST">
          <params>
            <param index="0">
              <value>
                <![CDATA[chrome]]>
              </value>
            </param>
            <param index="1">
              <value>
                <![CDATA[https://ui-test.creditrepaircloud.com/]]>
              </value>
            </param>
            <param index="2">
              <value>
                <![CDATA[--window-size=1600,900]]>
              </value>
            </param>
            <param index="3">
              <value>
                <![CDATA[headless]]>
              </value>
            </param>
            <param index="4">
              <value>
                <![CDATA[--disable-notifications]]>
              </value>
            </param>
          </params>
          <reporter-output>
          </reporter-output>
        </test-method> <!-- precondition -->
        <test-method status="FAIL" signature="CRCPrgud(java.lang.String)[pri:5, instance:scripts.crc.Crc_Test@7403c468]" name="CRCPrgud" duration-ms="66615" started-at="2021-12-27T16:30:39 IST" data-provider="logindataset" finished-at="2021-12-27T16:31:46 IST">
          <params>
            <param index="0">
              <value>
                <![CDATA[uiux@yopmail.com,Test@1234,Manoj,ReddyA,manojreddy,daniel@credit-aid.com,flatop63,(234) 567-5432,3944,daniel@credit-aid.com,flatop63,(234) 567-5432,danielrosen,flatop63,(234) 567-5432,3944,dr@credit-aid.com,flatop63,(234) 567-5432,manojreddy15]]>
              </value>
            </param>
          </params>
          <exception class="java.lang.AssertionError">
            <message>
              <![CDATA[null]]>
            </message>
            <full-stacktrace>
              <![CDATA[java.lang.AssertionError: null
at org.testng.Assert.fail(Assert.java:99)
at org.testng.Assert.fail(Assert.java:106)
at generic.BasePageCrc.elementvisibility(BasePageCrc.java:41)
at pom.ImportCreditreport_PrivacyGuard.importPrivacyGuard(ImportCreditreport_PrivacyGuard.java:121)
at scripts.crc.Crc_Test.CRCPrgud(Crc_Test.java:78)
at sun.reflect.NativeMethodAccessorImpl.invoke0(Native Method)
at sun.reflect.NativeMethodAccessorImpl.invoke(NativeMethodAccessorImpl.java:62)
at sun.reflect.DelegatingMethodAccessorImpl.invoke(DelegatingMethodAccessorImpl.java:43)
at java.lang.reflect.Method.invoke(Method.java:498)
at org.testng.internal.MethodInvocationHelper.invokeMethod(MethodInvocationHelper.java:133)
at org.testng.internal.TestInvoker.invokeMethod(TestInvoker.java:598)
at org.testng.internal.TestInvoker.invokeTestMethod(TestInvoker.java:173)
at org.testng.internal.MethodRunner.runInSequence(MethodRunner.java:46)
at org.testng.internal.TestInvoker$MethodInvocationAgent.invoke(TestInvoker.java:824)
at org.testng.internal.TestInvoker.invokeTestMethods(TestInvoker.java:146)
at org.testng.internal.TestMethodWorker.invokeTestMethods(TestMethodWorker.java:146)
at org.testng.internal.TestMethodWorker.run(TestMethodWorker.java:128)
at java.util.ArrayList.forEach(ArrayList.java:1259)
at org.testng.TestRunner.privateRun(TestRunner.java:794)
at org.testng.TestRunner.run(TestRunner.java:596)
at org.testng.SuiteRunner.runTest(SuiteRunner.java:377)
at org.testng.SuiteRunner.runSequentially(SuiteRunner.java:371)
at org.testng.SuiteRunner.privateRun(SuiteRunner.java:332)
at org.testng.SuiteRunner.run(SuiteRunner.java:276)
at org.testng.SuiteRunnerWorker.runSuite(SuiteRunnerWorker.java:53)
at org.testng.SuiteRunnerWorker.run(SuiteRunnerWorker.java:96)
at org.testng.TestNG.runSuitesSequentially(TestNG.java:1212)
at org.testng.TestNG.runSuitesLocally(TestNG.java:1134)
at org.testng.TestNG.runSuites(TestNG.java:1063)
at org.testng.TestNG.run(TestNG.java:1031)
at org.testng.remote.AbstractRemoteTestNG.run(AbstractRemoteTestNG.java:115)
at org.testng.remote.RemoteTestNG.initAndRun(RemoteTestNG.java:251)
at org.testng.remote.RemoteTestNG.main(RemoteTestNG.java:77)
]]>
            </full-stacktrace>
          </exception> <!-- java.lang.AssertionError -->
          <reporter-output>
            <line>
              <![CDATA[pass: element is visible ]]>
            </line>
            <line>
              <![CDATA[pass: element is visible ]]>
            </line>
            <line>
              <![CDATA[pass: element is visible ]]>
            </line>
            <line>
              <![CDATA[pass: element is visible ]]>
            </line>
            <line>
              <![CDATA[pass: element is visible ]]>
            </line>
            <line>
              <![CDATA[pass: element is visible ]]>
            </line>
            <line>
              <![CDATA[pass: element is visible ]]>
            </line>
            <line>
              <![CDATA[pass: element is visible ]]>
            </line>
            <line>
              <![CDATA[pass: element is visible ]]>
            </line>
            <line>
              <![CDATA[pass: element is visible ]]>
            </line>
            <line>
              <![CDATA[pass: element is visible ]]>
            </line>
            <line>
              <![CDATA[×
check_circle
Client profile added successfully]]>
            </line>
            <line>
              <![CDATA[pass: element is visible ]]>
            </line>
            <line>
              <![CDATA[pass: element is visible ]]>
            </line>
            <line>
              <![CDATA[pass: element is visible ]]>
            </line>
            <line>
              <![CDATA[pass: element is visible ]]>
            </line>
            <line>
              <![CDATA[pass: element is visible ]]>
            </line>
            <line>
              <![CDATA[pass: element is visible ]]>
            </line>
            <line>
              <![CDATA[pass: element is visible ]]>
            </line>
            <line>
              <![CDATA[pass: element is visible ]]>
            </line>
            <line>
              <![CDATA[pass: element is visible ]]>
            </line>
            <line>
              <![CDATA[]]>
            </line>
            <line>
              <![CDATA[fail: element is not visible]]>
            </line>
          </reporter-output>
        </test-method> <!-- CRCPrgud -->
        <test-method status="PASS" signature="getResult(org.testng.ITestResult)[pri:0, instance:scripts.crc.Crc_Test@7403c468]" name="getResult" is-config="true" duration-ms="1" started-at="2021-12-27T16:31:46 IST" finished-at="2021-12-27T16:31:46 IST">
          <params>
            <param index="0">
              <value>
                <![CDATA[[TestResult name=CRCPrgud status=FAILURE method=Crc_Test.CRCPrgud(java.lang.String)[pri:5, instance:scripts.crc.Crc_Test@7403c468] output=pass: element is visible ]]]>
              </value>
            </param>
          </params>
          <reporter-output>
          </reporter-output>
        </test-method> <!-- getResult -->
        <test-method status="PASS" signature="endReport()[pri:0, instance:scripts.crc.Crc_Test@7403c468]" name="endReport" is-config="true" duration-ms="368" started-at="2021-12-27T16:31:46 IST" finished-at="2021-12-27T16:31:46 IST">
          <reporter-output>
          </reporter-output>
        </test-method> <!-- endReport -->
      </class> <!-- scripts.crc.Crc_Test -->
    </test> <!-- ChromeTest1-Desktop -->
  </suite> <!-- Suite -->
</testng-results>
