<?xml version="1.0" encoding="UTF-8"?>
<!-- Generated by org.testng.reporters.JUnitReportReporter -->
<testsuite skipped="0" hostname="aladmin-HP-EliteBook-840-G2" name="scripts.crc.Importaudit" tests="1" failures="0" timestamp="2021-11-26T12:35:04 IST" time="217.327" errors="0">
  <testcase name="loginScript" time="217.327" classname="scripts.crc.Importaudit"/>
  <system-out>
pass: element is visible  ×
check_circle
Client profile added successfully  </system-out>
</testsuite> <!-- scripts.crc.Importaudit -->
