<?xml version="1.0" encoding="UTF-8"?>
<!-- Generated by org.testng.reporters.JUnitReportReporter -->
<testsuite skipped="0" hostname="aladmin-HP-EliteBook-840-G2" name="scripts.crc.Clientcreatedsucessfullypopup" tests="1" failures="0" timestamp="2021-11-26T16:17:52 IST" time="27.862" errors="0">
  <testcase name="loginScript" time="27.862" classname="scripts.crc.Clientcreatedsucessfullypopup"/>
  <system-out>
pass: element is visible  ×
check_circle
Client profile added successfully  </system-out>
</testsuite> <!-- scripts.crc.Clientcreatedsucessfullypopup -->
