<?xml version="1.0" encoding="UTF-8"?>
<!-- Generated by org.testng.reporters.JUnitReportReporter -->
<testsuite skipped="0" hostname="aladmin-HP-EliteBook-840-G2" name="scripts.crc.DeleteClient" tests="1" failures="0" timestamp="2021-11-26T15:19:40 IST" time="508.130" errors="0">
  <testcase name="loginScript" time="508.130" classname="scripts.crc.DeleteClient"/>
  <system-out>
pass: element is visible  pass: element is visible  pass: element is visible  ×
check_circle
Audit created successfully  </system-out>
</testsuite> <!-- scripts.crc.DeleteClient -->
